INFO [2026-05-20 16:30:51] $x
INFO [2026-05-20 16:30:51] venn_input
INFO [2026-05-20 16:30:51] 
INFO [2026-05-20 16:30:51] $filename
INFO [2026-05-20 16:30:51] NULL
INFO [2026-05-20 16:30:51] 
INFO [2026-05-20 16:30:51] $output
INFO [2026-05-20 16:30:51] [1] TRUE
INFO [2026-05-20 16:30:51] 
INFO [2026-05-20 16:30:51] $fill
INFO [2026-05-20 16:30:51] model_colors[names(venn_input)]
INFO [2026-05-20 16:30:51] 
INFO [2026-05-20 16:30:51] $alpha
INFO [2026-05-20 16:30:51] [1] 0.65
INFO [2026-05-20 16:30:51] 
INFO [2026-05-20 16:30:51] $lwd
INFO [2026-05-20 16:30:51] [1] 2
INFO [2026-05-20 16:30:51] 
INFO [2026-05-20 16:30:51] $lty
INFO [2026-05-20 16:30:51] [1] "solid"
INFO [2026-05-20 16:30:51] 
INFO [2026-05-20 16:30:51] $col
INFO [2026-05-20 16:30:51] [1] "white"
INFO [2026-05-20 16:30:51] 
INFO [2026-05-20 16:30:51] $cex
INFO [2026-05-20 16:30:51] [1] 1.6
INFO [2026-05-20 16:30:51] 
INFO [2026-05-20 16:30:51] $fontface
INFO [2026-05-20 16:30:51] [1] "bold"
INFO [2026-05-20 16:30:51] 
INFO [2026-05-20 16:30:51] $cat.cex
INFO [2026-05-20 16:30:51] [1] 1.5
INFO [2026-05-20 16:30:51] 
INFO [2026-05-20 16:30:51] $cat.fontface
INFO [2026-05-20 16:30:51] [1] "bold"
INFO [2026-05-20 16:30:51] 
INFO [2026-05-20 16:30:51] $margin
INFO [2026-05-20 16:30:51] [1] 0.08
INFO [2026-05-20 16:30:51] 
INFO [2026-05-20 16:30:51] $height
INFO [2026-05-20 16:30:51] [1] 6
INFO [2026-05-20 16:30:51] 
INFO [2026-05-20 16:30:51] $width
INFO [2026-05-20 16:30:51] [1] 6
INFO [2026-05-20 16:30:51] 
INFO [2026-05-20 16:30:51] $rotation.degree
INFO [2026-05-20 16:30:51] [1] 0
INFO [2026-05-20 16:30:51] 
INFO [2026-05-20 16:30:51] $main
INFO [2026-05-20 16:30:51] expression(paste("Significant SNPs at ", -log[10](p), " = 5"))
INFO [2026-05-20 16:30:51] 
INFO [2026-05-20 16:30:51] $main.cex
INFO [2026-05-20 16:30:51] [1] 1.6
INFO [2026-05-20 16:30:51] 
INFO [2026-05-20 16:30:51] $main.fontface
INFO [2026-05-20 16:30:51] [1] "bold"
INFO [2026-05-20 16:30:51] 
INFO [2026-05-20 16:30:51] $main.pos
INFO [2026-05-20 16:30:51] c(0.5, 1.05)
INFO [2026-05-20 16:30:51] 
