INFO [2026-05-20 21:31:24] $x
INFO [2026-05-20 21:31:24] venn_input
INFO [2026-05-20 21:31:24] 
INFO [2026-05-20 21:31:24] $filename
INFO [2026-05-20 21:31:24] NULL
INFO [2026-05-20 21:31:24] 
INFO [2026-05-20 21:31:24] $output
INFO [2026-05-20 21:31:24] [1] TRUE
INFO [2026-05-20 21:31:24] 
INFO [2026-05-20 21:31:24] $fill
INFO [2026-05-20 21:31:24] model_colors[names(venn_input)]
INFO [2026-05-20 21:31:24] 
INFO [2026-05-20 21:31:24] $alpha
INFO [2026-05-20 21:31:24] [1] 0.65
INFO [2026-05-20 21:31:24] 
INFO [2026-05-20 21:31:24] $lwd
INFO [2026-05-20 21:31:24] [1] 2
INFO [2026-05-20 21:31:24] 
INFO [2026-05-20 21:31:24] $lty
INFO [2026-05-20 21:31:24] [1] "solid"
INFO [2026-05-20 21:31:24] 
INFO [2026-05-20 21:31:24] $col
INFO [2026-05-20 21:31:24] [1] "white"
INFO [2026-05-20 21:31:24] 
INFO [2026-05-20 21:31:24] $cex
INFO [2026-05-20 21:31:24] [1] 1.6
INFO [2026-05-20 21:31:24] 
INFO [2026-05-20 21:31:24] $fontface
INFO [2026-05-20 21:31:24] [1] "bold"
INFO [2026-05-20 21:31:24] 
INFO [2026-05-20 21:31:24] $cat.cex
INFO [2026-05-20 21:31:24] [1] 1.5
INFO [2026-05-20 21:31:24] 
INFO [2026-05-20 21:31:24] $cat.fontface
INFO [2026-05-20 21:31:24] [1] "bold"
INFO [2026-05-20 21:31:24] 
INFO [2026-05-20 21:31:24] $margin
INFO [2026-05-20 21:31:24] [1] 0.08
INFO [2026-05-20 21:31:24] 
INFO [2026-05-20 21:31:24] $height
INFO [2026-05-20 21:31:24] [1] 6
INFO [2026-05-20 21:31:24] 
INFO [2026-05-20 21:31:24] $width
INFO [2026-05-20 21:31:24] [1] 6
INFO [2026-05-20 21:31:24] 
INFO [2026-05-20 21:31:24] $rotation.degree
INFO [2026-05-20 21:31:24] [1] 0
INFO [2026-05-20 21:31:24] 
INFO [2026-05-20 21:31:24] $main
INFO [2026-05-20 21:31:24] NULL
INFO [2026-05-20 21:31:24] 
