INFO [2026-05-20 16:31:15] $x
INFO [2026-05-20 16:31:15] venn_input
INFO [2026-05-20 16:31:15] 
INFO [2026-05-20 16:31:15] $filename
INFO [2026-05-20 16:31:15] NULL
INFO [2026-05-20 16:31:15] 
INFO [2026-05-20 16:31:15] $output
INFO [2026-05-20 16:31:15] [1] TRUE
INFO [2026-05-20 16:31:15] 
INFO [2026-05-20 16:31:15] $fill
INFO [2026-05-20 16:31:15] model_colors[names(venn_input)]
INFO [2026-05-20 16:31:15] 
INFO [2026-05-20 16:31:15] $alpha
INFO [2026-05-20 16:31:15] [1] 0.65
INFO [2026-05-20 16:31:15] 
INFO [2026-05-20 16:31:15] $lwd
INFO [2026-05-20 16:31:15] [1] 2
INFO [2026-05-20 16:31:15] 
INFO [2026-05-20 16:31:15] $lty
INFO [2026-05-20 16:31:15] [1] "solid"
INFO [2026-05-20 16:31:15] 
INFO [2026-05-20 16:31:15] $col
INFO [2026-05-20 16:31:15] [1] "white"
INFO [2026-05-20 16:31:15] 
INFO [2026-05-20 16:31:15] $cex
INFO [2026-05-20 16:31:15] [1] 1.6
INFO [2026-05-20 16:31:15] 
INFO [2026-05-20 16:31:15] $fontface
INFO [2026-05-20 16:31:15] [1] "bold"
INFO [2026-05-20 16:31:15] 
INFO [2026-05-20 16:31:15] $cat.cex
INFO [2026-05-20 16:31:15] [1] 1.5
INFO [2026-05-20 16:31:15] 
INFO [2026-05-20 16:31:15] $cat.fontface
INFO [2026-05-20 16:31:15] [1] "bold"
INFO [2026-05-20 16:31:15] 
INFO [2026-05-20 16:31:15] $margin
INFO [2026-05-20 16:31:15] [1] 0.08
INFO [2026-05-20 16:31:15] 
INFO [2026-05-20 16:31:15] $height
INFO [2026-05-20 16:31:15] [1] 6
INFO [2026-05-20 16:31:15] 
INFO [2026-05-20 16:31:15] $width
INFO [2026-05-20 16:31:15] [1] 6
INFO [2026-05-20 16:31:15] 
INFO [2026-05-20 16:31:15] $rotation.degree
INFO [2026-05-20 16:31:15] [1] 0
INFO [2026-05-20 16:31:15] 
INFO [2026-05-20 16:31:15] $main
INFO [2026-05-20 16:31:15] expression(paste("Significant SNPs at ", -log[10](p), " = 5"))
INFO [2026-05-20 16:31:15] 
INFO [2026-05-20 16:31:15] $main.cex
INFO [2026-05-20 16:31:15] [1] 1.6
INFO [2026-05-20 16:31:15] 
INFO [2026-05-20 16:31:15] $main.fontface
INFO [2026-05-20 16:31:15] [1] "bold"
INFO [2026-05-20 16:31:15] 
INFO [2026-05-20 16:31:15] $main.pos
INFO [2026-05-20 16:31:15] c(0.5, 1.05)
INFO [2026-05-20 16:31:15] 
