INFO [2026-05-20 21:34:43] $x
INFO [2026-05-20 21:34:43] venn_input
INFO [2026-05-20 21:34:43] 
INFO [2026-05-20 21:34:43] $filename
INFO [2026-05-20 21:34:43] NULL
INFO [2026-05-20 21:34:43] 
INFO [2026-05-20 21:34:43] $output
INFO [2026-05-20 21:34:43] [1] TRUE
INFO [2026-05-20 21:34:43] 
INFO [2026-05-20 21:34:43] $fill
INFO [2026-05-20 21:34:43] model_colors[names(venn_input)]
INFO [2026-05-20 21:34:43] 
INFO [2026-05-20 21:34:43] $alpha
INFO [2026-05-20 21:34:43] [1] 0.65
INFO [2026-05-20 21:34:43] 
INFO [2026-05-20 21:34:43] $lwd
INFO [2026-05-20 21:34:43] [1] 2
INFO [2026-05-20 21:34:43] 
INFO [2026-05-20 21:34:43] $lty
INFO [2026-05-20 21:34:43] [1] "solid"
INFO [2026-05-20 21:34:43] 
INFO [2026-05-20 21:34:43] $col
INFO [2026-05-20 21:34:43] [1] "white"
INFO [2026-05-20 21:34:43] 
INFO [2026-05-20 21:34:43] $cex
INFO [2026-05-20 21:34:43] [1] 1.6
INFO [2026-05-20 21:34:43] 
INFO [2026-05-20 21:34:43] $fontface
INFO [2026-05-20 21:34:43] [1] "bold"
INFO [2026-05-20 21:34:43] 
INFO [2026-05-20 21:34:43] $cat.cex
INFO [2026-05-20 21:34:43] [1] 1.5
INFO [2026-05-20 21:34:43] 
INFO [2026-05-20 21:34:43] $cat.fontface
INFO [2026-05-20 21:34:43] [1] "bold"
INFO [2026-05-20 21:34:43] 
INFO [2026-05-20 21:34:43] $margin
INFO [2026-05-20 21:34:43] [1] 0.08
INFO [2026-05-20 21:34:43] 
INFO [2026-05-20 21:34:43] $height
INFO [2026-05-20 21:34:43] [1] 6
INFO [2026-05-20 21:34:43] 
INFO [2026-05-20 21:34:43] $width
INFO [2026-05-20 21:34:43] [1] 6
INFO [2026-05-20 21:34:43] 
INFO [2026-05-20 21:34:43] $rotation.degree
INFO [2026-05-20 21:34:43] [1] 0
INFO [2026-05-20 21:34:43] 
INFO [2026-05-20 21:34:43] $main
INFO [2026-05-20 21:34:43] NULL
INFO [2026-05-20 21:34:43] 
