INFO [2026-05-20 16:31:04] $x
INFO [2026-05-20 16:31:04] venn_input
INFO [2026-05-20 16:31:04] 
INFO [2026-05-20 16:31:04] $filename
INFO [2026-05-20 16:31:04] NULL
INFO [2026-05-20 16:31:04] 
INFO [2026-05-20 16:31:04] $output
INFO [2026-05-20 16:31:04] [1] TRUE
INFO [2026-05-20 16:31:04] 
INFO [2026-05-20 16:31:04] $fill
INFO [2026-05-20 16:31:04] model_colors[names(venn_input)]
INFO [2026-05-20 16:31:04] 
INFO [2026-05-20 16:31:04] $alpha
INFO [2026-05-20 16:31:04] [1] 0.65
INFO [2026-05-20 16:31:04] 
INFO [2026-05-20 16:31:04] $lwd
INFO [2026-05-20 16:31:04] [1] 2
INFO [2026-05-20 16:31:04] 
INFO [2026-05-20 16:31:04] $lty
INFO [2026-05-20 16:31:04] [1] "solid"
INFO [2026-05-20 16:31:04] 
INFO [2026-05-20 16:31:04] $col
INFO [2026-05-20 16:31:04] [1] "white"
INFO [2026-05-20 16:31:04] 
INFO [2026-05-20 16:31:04] $cex
INFO [2026-05-20 16:31:04] [1] 1.6
INFO [2026-05-20 16:31:04] 
INFO [2026-05-20 16:31:04] $fontface
INFO [2026-05-20 16:31:04] [1] "bold"
INFO [2026-05-20 16:31:04] 
INFO [2026-05-20 16:31:04] $cat.cex
INFO [2026-05-20 16:31:04] [1] 1.5
INFO [2026-05-20 16:31:04] 
INFO [2026-05-20 16:31:04] $cat.fontface
INFO [2026-05-20 16:31:04] [1] "bold"
INFO [2026-05-20 16:31:04] 
INFO [2026-05-20 16:31:04] $margin
INFO [2026-05-20 16:31:04] [1] 0.08
INFO [2026-05-20 16:31:04] 
INFO [2026-05-20 16:31:04] $height
INFO [2026-05-20 16:31:04] [1] 6
INFO [2026-05-20 16:31:04] 
INFO [2026-05-20 16:31:04] $width
INFO [2026-05-20 16:31:04] [1] 6
INFO [2026-05-20 16:31:04] 
INFO [2026-05-20 16:31:04] $rotation.degree
INFO [2026-05-20 16:31:04] [1] 0
INFO [2026-05-20 16:31:04] 
INFO [2026-05-20 16:31:04] $main
INFO [2026-05-20 16:31:04] expression(paste("Significant SNPs at ", -log[10](p), " = 5"))
INFO [2026-05-20 16:31:04] 
INFO [2026-05-20 16:31:04] $main.cex
INFO [2026-05-20 16:31:04] [1] 1.6
INFO [2026-05-20 16:31:04] 
INFO [2026-05-20 16:31:04] $main.fontface
INFO [2026-05-20 16:31:04] [1] "bold"
INFO [2026-05-20 16:31:04] 
INFO [2026-05-20 16:31:04] $main.pos
INFO [2026-05-20 16:31:04] c(0.5, 1.05)
INFO [2026-05-20 16:31:04] 
